[debug] [2018-01-23T19:18:33.420Z] ----------------------------------------------------------------------
[debug] [2018-01-23T19:18:33.423Z] Command:       /usr/local/bin/node /usr/local/bin/firebase serve
[debug] [2018-01-23T19:18:33.423Z] CLI Version:   3.17.3
[debug] [2018-01-23T19:18:33.423Z] Platform:      darwin
[debug] [2018-01-23T19:18:33.423Z] Node Version:  v9.4.0
[debug] [2018-01-23T19:18:33.424Z] Time:          Tue Jan 23 2018 14:18:33 GMT-0500 (EST)
[debug] [2018-01-23T19:18:33.424Z] ----------------------------------------------------------------------
[debug] 
[debug] [2018-01-23T19:18:33.438Z] > command requires scopes: ["email","openid","https://www.googleapis.com/auth/cloudplatformprojects.readonly","https://www.googleapis.com/auth/firebase","https://www.googleapis.com/auth/cloud-platform"]
[debug] [2018-01-23T19:18:33.439Z] > authorizing via signed-in user
[debug] [2018-01-23T19:18:33.441Z] > refreshing access token with scopes: ["email","https://www.googleapis.com/auth/cloud-platform","https://www.googleapis.com/auth/cloudplatformprojects.readonly","https://www.googleapis.com/auth/firebase","openid"]
[debug] [2018-01-23T19:18:33.441Z] >>> HTTP REQUEST POST https://www.googleapis.com/oauth2/v3/token  
 { refresh_token: '1/xZdnKCVyhMyVLSx6x5ETlhHnTM-03vUubDrD5oz5IQPdbO_keOByabtuufFGcSER',
  client_id: '563584335869-fgrhgmd47bqnekij5i8b5pr03ho849e6.apps.googleusercontent.com',
  client_secret: 'j9iVZfS8kkCEFUPaAeJV0sAi',
  grant_type: 'refresh_token',
  scope: 'email https://www.googleapis.com/auth/cloud-platform https://www.googleapis.com/auth/cloudplatformprojects.readonly https://www.googleapis.com/auth/firebase openid' } 
 Tue Jan 23 2018 14:18:33 GMT-0500 (EST)
[debug] [2018-01-23T19:18:33.687Z] <<< HTTP RESPONSE 200
[debug] [2018-01-23T19:18:33.752Z] >>> HTTP REQUEST GET https://admin.firebase.com/v1/projects/vzladreams  
  
 Tue Jan 23 2018 14:18:33 GMT-0500 (EST)
[debug] [2018-01-23T19:18:34.048Z] <<< HTTP RESPONSE 200
[debug] [2018-01-23T19:18:34.049Z] >>> HTTP REQUEST GET https://admin.firebase.com/v1/database/vzladreams/tokens  
  
 Tue Jan 23 2018 14:18:34 GMT-0500 (EST)
[debug] [2018-01-23T19:18:34.371Z] <<< HTTP RESPONSE 200
[info] 
[info] === Serving from '/Users/andresprato/Venezuela-Dreams/Website'...
[info] 
[debug] [2018-01-23T19:18:34.374Z] >>> HTTP REQUEST GET https://cloudresourcemanager.googleapis.com/v1/projects/vzladreams  
  
 Tue Jan 23 2018 14:18:34 GMT-0500 (EST)
[debug] [2018-01-23T19:18:34.744Z] <<< HTTP RESPONSE 200
[debug] [2018-01-23T19:18:34.745Z] >>> HTTP REQUEST GET https://mobilesdk-pa.googleapis.com/v1/projects/149344227690/clients/_:getWebAppConfig  
  
 Tue Jan 23 2018 14:18:34 GMT-0500 (EST)
[debug] [2018-01-23T19:18:35.073Z] <<< HTTP RESPONSE 200
[info] i  hosting: Serving hosting files from: public
[info] ✔  hosting: Local server: http://localhost:5000

